<?xml version="1.0" encoding="UTF-8"?>
<!-- Generated by org.testng.reporters.JUnitReportReporter -->
<testsuite skipped="0" hostname="DESKTOP-QC4IQ9N" name="TestNgClass" tests="1" failures="0" timestamp="2021-01-15T18:05:44 IST" time="0.005" errors="0">
  <testcase name="test1" time="0.005" classname="TestNgClass"/>
  <system-out/>
</testsuite> <!-- TestNgClass -->
